<?xml version="1.0" encoding="UTF-8"?>
<!-- Generated by org.testng.reporters.JUnitReportReporter -->
<testsuite hostname="Mohanraj" failures="0" tests="3" name="com.qa.opencart.tests.LoginPageTest" time="1.596" errors="0" timestamp="19 May 2025 08:02:27 GMT" skipped="0">
  <testcase classname="com.qa.opencart.tests.LoginPageTest" name="navigateToLoginPageTest" time="0.891"/>
  <testcase classname="com.qa.opencart.tests.LoginPageTest" name="forgotPasswordLinkExistTest" time="0.038"/>
  <testcase classname="com.qa.opencart.tests.LoginPageTest" name="loginPageTest" time="0.667"/>
</testsuite> <!-- com.qa.opencart.tests.LoginPageTest -->
