<?xml version="1.0" encoding="UTF-8"?>
<!-- Generated by org.testng.reporters.JUnitReportReporter -->
<testsuite hostname="Mohanraj" failures="0" tests="12" name="com.qa.opencart.tests.HomepageTest" time="9.199" errors="0" timestamp="20 May 2025 04:29:41 GMT" skipped="0">
  <testcase classname="com.qa.opencart.tests.HomepageTest" name="searchTest" time="0.846"/>
  <testcase classname="com.qa.opencart.tests.HomepageTest" name="searchTest" time="1.048"/>
  <testcase classname="com.qa.opencart.tests.HomepageTest" name="searchTest" time="1.032"/>
  <testcase classname="com.qa.opencart.tests.HomepageTest" name="homepageUrlTest" time="0.001"/>
  <testcase classname="com.qa.opencart.tests.HomepageTest" name="searchTest" time="1.856"/>
  <testcase classname="com.qa.opencart.tests.HomepageTest" name="homepageUrlTest" time="0.001"/>
  <testcase classname="com.qa.opencart.tests.HomepageTest" name="searchTest" time="0.940"/>
  <testcase classname="com.qa.opencart.tests.HomepageTest" name="searchTest" time="1.824"/>
  <testcase classname="com.qa.opencart.tests.HomepageTest" name="searchTest" time="0.527"/>
  <testcase classname="com.qa.opencart.tests.HomepageTest" name="homepageTitleTest" time="0.396"/>
  <testcase classname="com.qa.opencart.tests.HomepageTest" name="homepageTitleTest" time="0.059"/>
  <testcase classname="com.qa.opencart.tests.HomepageTest" name="searchTest" time="0.669"/>
</testsuite> <!-- com.qa.opencart.tests.HomepageTest -->
