<?xml version="1.0" encoding="UTF-8"?>
<!-- Generated by org.testng.reporters.JUnitReportReporter -->
<testsuite hostname="Mohanraj" failures="0" tests="6" name="com.qa.opencart.tests.HomepageTest" time="2.403" errors="0" timestamp="19 May 2025 08:02:27 GMT" skipped="0">
  <testcase classname="com.qa.opencart.tests.HomepageTest" name="searchTest" time="0.850"/>
  <testcase classname="com.qa.opencart.tests.HomepageTest" name="searchTest" time="0.401"/>
  <testcase classname="com.qa.opencart.tests.HomepageTest" name="homepageTitleTest" time="0.043"/>
  <testcase classname="com.qa.opencart.tests.HomepageTest" name="searchTest" time="0.513"/>
  <testcase classname="com.qa.opencart.tests.HomepageTest" name="homepageUrlTest" time="0.001"/>
  <testcase classname="com.qa.opencart.tests.HomepageTest" name="searchTest" time="0.595"/>
</testsuite> <!-- com.qa.opencart.tests.HomepageTest -->
