<?xml version="1.0" encoding="UTF-8"?>
<!-- Generated by org.testng.reporters.JUnitReportReporter -->
<testsuite hostname="Mohanraj" failures="0" tests="6" name="com.qa.opencart.tests.LoginPageTest" time="5.041" errors="0" timestamp="20 May 2025 04:29:41 GMT" skipped="0">
  <testcase classname="com.qa.opencart.tests.LoginPageTest" name="navigateToLoginPageTest" time="0.830"/>
  <testcase classname="com.qa.opencart.tests.LoginPageTest" name="navigateToLoginPageTest" time="2.263"/>
  <testcase classname="com.qa.opencart.tests.LoginPageTest" name="forgotPasswordLinkExistTest" time="0.109"/>
  <testcase classname="com.qa.opencart.tests.LoginPageTest" name="forgotPasswordLinkExistTest" time="0.077"/>
  <testcase classname="com.qa.opencart.tests.LoginPageTest" name="loginPageTest" time="0.820"/>
  <testcase classname="com.qa.opencart.tests.LoginPageTest" name="loginPageTest" time="0.942"/>
</testsuite> <!-- com.qa.opencart.tests.LoginPageTest -->
